This file contains any messages produced by compilers while
running configure, to aid debugging if configure makes a mistake.

It was created by configure, which was
generated by GNU Autoconf 2.59.  Invocation command line was

  $ ./configure 

## --------- ##
## Platform. ##
## --------- ##

hostname = merrimack.tamu.edu
uname -m = x86_64
uname -r = 2.6.18-92.1.13.el5
uname -s = Linux
uname -v = #1 SMP Wed Sep 24 19:32:05 EDT 2008

/usr/bin/uname -p = unknown
/bin/uname -X     = unknown

/bin/arch              = x86_64
/usr/bin/arch -k       = unknown
/usr/convex/getsysinfo = unknown
hostinfo               = unknown
/bin/machine           = unknown
/usr/bin/oslevel       = unknown
/bin/universe          = unknown

PATH: /usr/mpi/gcc/openmpi-1.2.8/bin
PATH: /usr/kerberos/bin
PATH: /usr/java/latest/bin
PATH: /usr/local/bin
PATH: /bin
PATH: /usr/bin
PATH: /opt/Bio/ncbi/bin
PATH: /opt/Bio/mpiblast/bin/
PATH: /opt/Bio/hmmer/bin
PATH: /opt/Bio/EMBOSS/bin
PATH: /opt/Bio/clustalw/bin
PATH: /opt/Bio/t_coffee/bin
PATH: /opt/Bio/phylip/exe
PATH: /opt/Bio/mrbayes
PATH: /opt/Bio/fasta
PATH: /opt/Bio/glimmer/bin
PATH: //opt/Bio/glimmer/scripts
PATH: /opt/Bio/gromacs/bin
PATH: /opt/Bio/gmap/bin
PATH: /opt/eclipse
PATH: /opt/ganglia/bin
PATH: /opt/ganglia/sbin
PATH: /opt/maven/bin
PATH: /opt/maui/bin
PATH: /opt/torque/bin
PATH: /opt/torque/sbin
PATH: /opt/rocks/bin
PATH: /opt/rocks/sbin
PATH: /home/rob/bin


## ----------- ##
## Core tests. ##
## ----------- ##

configure:1347: checking for gcc
configure:1373: result: gcc
configure:1617: checking for C compiler version
configure:1620: gcc --version </dev/null >&5
gcc (GCC) 4.1.2 20071124 (Red Hat 4.1.2-42)
Copyright (C) 2006 Free Software Foundation, Inc.
This is free software; see the source for copying conditions.  There is NO
warranty; not even for MERCHANTABILITY or FITNESS FOR A PARTICULAR PURPOSE.

configure:1623: $? = 0
configure:1625: gcc -v </dev/null >&5
Using built-in specs.
Target: x86_64-redhat-linux
Configured with: ../configure --prefix=/usr --mandir=/usr/share/man --infodir=/usr/share/info --enable-shared --enable-threads=posix --enable-checking=release --with-system-zlib --enable-__cxa_atexit --disable-libunwind-exceptions --enable-libgcj-multifile --enable-languages=c,c++,objc,obj-c++,java,fortran,ada --enable-java-awt=gtk --disable-dssi --enable-plugin --with-java-home=/usr/lib/jvm/java-1.4.2-gcj-1.4.2.0/jre --with-cpu=generic --host=x86_64-redhat-linux
Thread model: posix
gcc version 4.1.2 20071124 (Red Hat 4.1.2-42)
configure:1628: $? = 0
configure:1630: gcc -V </dev/null >&5
gcc: '-V' option must have argument
configure:1633: $? = 1
configure:1656: checking for C compiler default output file name
configure:1659: gcc -g -O2 -Wall -pedantic   conftest.c  >&5
configure:1662: $? = 0
configure:1708: result: a.out
configure:1713: checking whether the C compiler works
configure:1719: ./a.out
configure:1722: $? = 0
configure:1739: result: yes
configure:1746: checking whether we are cross compiling
configure:1748: result: no
configure:1751: checking for suffix of executables
configure:1753: gcc -o conftest -g -O2 -Wall -pedantic   conftest.c  >&5
configure:1756: $? = 0
configure:1781: result: 
configure:1787: checking for suffix of object files
configure:1808: gcc -c -g -O2 -Wall -pedantic  conftest.c >&5
configure:1811: $? = 0
configure:1833: result: o
configure:1837: checking whether we are using the GNU C compiler
configure:1861: gcc -c -g -O2 -Wall -pedantic  conftest.c >&5
configure:1867: $? = 0
configure:1871: test -z 
			 || test ! -s conftest.err
configure:1874: $? = 0
configure:1877: test -s conftest.o
configure:1880: $? = 0
configure:1893: result: yes
configure:1899: checking whether gcc accepts -g
configure:1920: gcc -c -g  conftest.c >&5
configure:1926: $? = 0
configure:1930: test -z 
			 || test ! -s conftest.err
configure:1933: $? = 0
configure:1936: test -s conftest.o
configure:1939: $? = 0
configure:1950: result: yes
configure:1967: checking for gcc option to accept ANSI C
configure:2037: gcc  -c -g -O2 -Wall -pedantic  conftest.c >&5
configure:2043: $? = 0
configure:2047: test -z 
			 || test ! -s conftest.err
configure:2050: $? = 0
configure:2053: test -s conftest.o
configure:2056: $? = 0
configure:2074: result: none needed
configure:2092: gcc -c -g -O2 -Wall -pedantic  conftest.c >&5
conftest.c:2: error: expected '=', ',', ';', 'asm' or '__attribute__' before 'me'
configure:2098: $? = 1
configure: failed program was:
| #ifndef __cplusplus
|   choke me
| #endif
configure:2269: checking for a BSD-compatible install
configure:2324: result: /usr/bin/install -c
configure:2337: checking for ar
configure:2353: found /usr/bin/ar
configure:2364: result: ar
configure:2378: checking how to run the C preprocessor
configure:2413: gcc -E  conftest.c
configure:2419: $? = 0
configure:2451: gcc -E  conftest.c
conftest.c:9:28: error: ac_nonexistent.h: No such file or directory
configure:2457: $? = 1
configure: failed program was:
| /* confdefs.h.  */
| 
| #define PACKAGE_NAME ""
| #define PACKAGE_TARNAME ""
| #define PACKAGE_VERSION ""
| #define PACKAGE_STRING ""
| #define PACKAGE_BUGREPORT ""
| /* end confdefs.h.  */
| #include <ac_nonexistent.h>
configure:2496: result: gcc -E
configure:2520: gcc -E  conftest.c
configure:2526: $? = 0
configure:2558: gcc -E  conftest.c
conftest.c:9:28: error: ac_nonexistent.h: No such file or directory
configure:2564: $? = 1
configure: failed program was:
| /* confdefs.h.  */
| 
| #define PACKAGE_NAME ""
| #define PACKAGE_TARNAME ""
| #define PACKAGE_VERSION ""
| #define PACKAGE_STRING ""
| #define PACKAGE_BUGREPORT ""
| /* end confdefs.h.  */
| #include <ac_nonexistent.h>
configure:2608: checking for egrep
configure:2618: result: grep -E
configure:2623: checking for ANSI C header files
configure:2648: gcc -c -g -O2 -Wall -pedantic  conftest.c >&5
configure:2654: $? = 0
configure:2658: test -z 
			 || test ! -s conftest.err
configure:2661: $? = 0
configure:2664: test -s conftest.o
configure:2667: $? = 0
configure:2756: gcc -o conftest -g -O2 -Wall -pedantic   conftest.c  >&5
conftest.c: In function 'main':
conftest.c:26: warning: implicit declaration of function 'exit'
conftest.c:26: warning: incompatible implicit declaration of built-in function 'exit'
configure:2759: $? = 0
configure:2761: ./conftest
configure:2764: $? = 0
configure:2779: result: yes
configure:2803: checking for sys/types.h
configure:2819: gcc -c -g -O2 -Wall -pedantic  conftest.c >&5
configure:2825: $? = 0
configure:2829: test -z 
			 || test ! -s conftest.err
configure:2832: $? = 0
configure:2835: test -s conftest.o
configure:2838: $? = 0
configure:2849: result: yes
configure:2803: checking for sys/stat.h
configure:2819: gcc -c -g -O2 -Wall -pedantic  conftest.c >&5
configure:2825: $? = 0
configure:2829: test -z 
			 || test ! -s conftest.err
configure:2832: $? = 0
configure:2835: test -s conftest.o
configure:2838: $? = 0
configure:2849: result: yes
configure:2803: checking for stdlib.h
configure:2819: gcc -c -g -O2 -Wall -pedantic  conftest.c >&5
configure:2825: $? = 0
configure:2829: test -z 
			 || test ! -s conftest.err
configure:2832: $? = 0
configure:2835: test -s conftest.o
configure:2838: $? = 0
configure:2849: result: yes
configure:2803: checking for string.h
configure:2819: gcc -c -g -O2 -Wall -pedantic  conftest.c >&5
configure:2825: $? = 0
configure:2829: test -z 
			 || test ! -s conftest.err
configure:2832: $? = 0
configure:2835: test -s conftest.o
configure:2838: $? = 0
configure:2849: result: yes
configure:2803: checking for memory.h
configure:2819: gcc -c -g -O2 -Wall -pedantic  conftest.c >&5
configure:2825: $? = 0
configure:2829: test -z 
			 || test ! -s conftest.err
configure:2832: $? = 0
configure:2835: test -s conftest.o
configure:2838: $? = 0
configure:2849: result: yes
configure:2803: checking for strings.h
configure:2819: gcc -c -g -O2 -Wall -pedantic  conftest.c >&5
configure:2825: $? = 0
configure:2829: test -z 
			 || test ! -s conftest.err
configure:2832: $? = 0
configure:2835: test -s conftest.o
configure:2838: $? = 0
configure:2849: result: yes
configure:2803: checking for inttypes.h
configure:2819: gcc -c -g -O2 -Wall -pedantic  conftest.c >&5
configure:2825: $? = 0
configure:2829: test -z 
			 || test ! -s conftest.err
configure:2832: $? = 0
configure:2835: test -s conftest.o
configure:2838: $? = 0
configure:2849: result: yes
configure:2803: checking for stdint.h
configure:2819: gcc -c -g -O2 -Wall -pedantic  conftest.c >&5
configure:2825: $? = 0
configure:2829: test -z 
			 || test ! -s conftest.err
configure:2832: $? = 0
configure:2835: test -s conftest.o
configure:2838: $? = 0
configure:2849: result: yes
configure:2803: checking for unistd.h
configure:2819: gcc -c -g -O2 -Wall -pedantic  conftest.c >&5
configure:2825: $? = 0
configure:2829: test -z 
			 || test ! -s conftest.err
configure:2832: $? = 0
configure:2835: test -s conftest.o
configure:2838: $? = 0
configure:2849: result: yes
configure:2875: checking math.h usability
configure:2887: gcc -c -g -O2 -Wall -pedantic  conftest.c >&5
configure:2893: $? = 0
configure:2897: test -z 
			 || test ! -s conftest.err
configure:2900: $? = 0
configure:2903: test -s conftest.o
configure:2906: $? = 0
configure:2916: result: yes
configure:2920: checking math.h presence
configure:2930: gcc -E  conftest.c
configure:2936: $? = 0
configure:2956: result: yes
configure:2991: checking for math.h
configure:2998: result: yes
configure:3018: checking for main in -lm
configure:3042: gcc -o conftest -g -O2 -Wall -pedantic   conftest.c -lm   >&5
configure:3048: $? = 0
configure:3052: test -z 
			 || test ! -s conftest.err
configure:3055: $? = 0
configure:3058: test -s conftest
configure:3061: $? = 0
configure:3074: result: yes
configure:3096: checking for realloc
configure:3153: gcc -o conftest -g -O2 -Wall -pedantic   conftest.c -lm  >&5
configure:3159: $? = 0
configure:3163: test -z 
			 || test ! -s conftest.err
configure:3166: $? = 0
configure:3169: test -s conftest
configure:3172: $? = 0
configure:3184: result: yes
configure:3096: checking for hypot
configure:3153: gcc -o conftest -g -O2 -Wall -pedantic   conftest.c -lm  >&5
conftest.c:46: warning: conflicting types for built-in function 'hypot'
configure:3159: $? = 0
configure:3163: test -z 
			 || test ! -s conftest.err
configure:3166: $? = 0
configure:3169: test -s conftest
configure:3172: $? = 0
configure:3184: result: yes
configure:3203: checking for copysign
configure:3260: gcc -o conftest -g -O2 -Wall -pedantic   conftest.c -lm  >&5
conftest.c:47: warning: conflicting types for built-in function 'copysign'
configure:3266: $? = 0
configure:3270: test -z 
			 || test ! -s conftest.err
configure:3273: $? = 0
configure:3276: test -s conftest
configure:3279: $? = 0
configure:3291: result: yes
configure:3480: creating ./config.status

## ---------------------- ##
## Running config.status. ##
## ---------------------- ##

This file was extended by config.status, which was
generated by GNU Autoconf 2.59.  Invocation command line was

  CONFIG_FILES    = 
  CONFIG_HEADERS  = 
  CONFIG_LINKS    = 
  CONFIG_COMMANDS = 
  $ ./config.status 

on merrimack.tamu.edu

config.status:651: creating makefile
config.status:755: creating config.h
config.status:867: config.h is unchanged

## ---------------- ##
## Cache variables. ##
## ---------------- ##

ac_cv_c_compiler_gnu=yes
ac_cv_env_CC_set=
ac_cv_env_CC_value=
ac_cv_env_CFLAGS_set=
ac_cv_env_CFLAGS_value=
ac_cv_env_CPPFLAGS_set=
ac_cv_env_CPPFLAGS_value=
ac_cv_env_CPP_set=
ac_cv_env_CPP_value=
ac_cv_env_LDFLAGS_set=
ac_cv_env_LDFLAGS_value=
ac_cv_env_build_alias_set=
ac_cv_env_build_alias_value=
ac_cv_env_host_alias_set=
ac_cv_env_host_alias_value=
ac_cv_env_target_alias_set=
ac_cv_env_target_alias_value=
ac_cv_exeext=
ac_cv_func_copysign=yes
ac_cv_func_hypot=yes
ac_cv_func_realloc=yes
ac_cv_header_inttypes_h=yes
ac_cv_header_math_h=yes
ac_cv_header_memory_h=yes
ac_cv_header_stdc=yes
ac_cv_header_stdint_h=yes
ac_cv_header_stdlib_h=yes
ac_cv_header_string_h=yes
ac_cv_header_strings_h=yes
ac_cv_header_sys_stat_h=yes
ac_cv_header_sys_types_h=yes
ac_cv_header_unistd_h=yes
ac_cv_lib_m=ac_cv_lib_m_main
ac_cv_lib_m_main=yes
ac_cv_objext=o
ac_cv_path_install='/usr/bin/install -c'
ac_cv_prog_AR=ar
ac_cv_prog_CPP='gcc -E'
ac_cv_prog_ac_ct_CC=gcc
ac_cv_prog_cc_g=yes
ac_cv_prog_cc_stdc=
ac_cv_prog_egrep='grep -E'

## ----------------- ##
## Output variables. ##
## ----------------- ##

AR='ar'
CC='gcc'
CFLAGS='-g -O2 -Wall -pedantic'
CPP='gcc -E'
CPPFLAGS=''
DEFS='-DHAVE_CONFIG_H'
ECHO_C=''
ECHO_N='-n'
ECHO_T=''
EGREP='grep -E'
EXEEXT=''
INSTALL_DATA='${INSTALL} -m 644'
INSTALL_PROGRAM='${INSTALL}'
INSTALL_SCRIPT='${INSTALL}'
LDFLAGS=''
LIBOBJS=''
LIBS='-lm '
LTLIBOBJS=''
NO_COPYSIGN=''
OBJEXT='o'
PACKAGE_BUGREPORT=''
PACKAGE_NAME=''
PACKAGE_STRING=''
PACKAGE_TARNAME=''
PACKAGE_VERSION=''
PATH_SEPARATOR=':'
SHELL='/bin/sh'
ac_ct_CC='gcc'
bindir='${exec_prefix}/bin'
build_alias=''
datadir='${prefix}/share'
exec_prefix='${prefix}'
host_alias=''
includedir='${prefix}/include'
infodir='${prefix}/info'
libdir='/usr/local/lib'
libexecdir='${exec_prefix}/libexec'
localstatedir='${prefix}/var'
mandir='${prefix}/man'
oldincludedir='/usr/include'
prefix='/usr/local'
program_transform_name='s,x,x,'
sbindir='${exec_prefix}/sbin'
sharedstatedir='${prefix}/com'
sysconfdir='${prefix}/etc'
target_alias=''

## ----------- ##
## confdefs.h. ##
## ----------- ##

#define HAVE_COPYSIGN 1
#define HAVE_HYPOT 1
#define HAVE_INTTYPES_H 1
#define HAVE_LIBM 1
#define HAVE_MATH_H 1
#define HAVE_MEMORY_H 1
#define HAVE_REALLOC 1
#define HAVE_STDINT_H 1
#define HAVE_STDLIB_H 1
#define HAVE_STRINGS_H 1
#define HAVE_STRING_H 1
#define HAVE_SYS_STAT_H 1
#define HAVE_SYS_TYPES_H 1
#define HAVE_UNISTD_H 1
#define PACKAGE_BUGREPORT ""
#define PACKAGE_NAME ""
#define PACKAGE_STRING ""
#define PACKAGE_TARNAME ""
#define PACKAGE_VERSION ""
#define STDC_HEADERS 1

configure: exit 0
